   1              		.cpu arm7tdmi
   2              		.fpu softvfp
   3              		.eabi_attribute 20, 1
   4              		.eabi_attribute 21, 1
   5              		.eabi_attribute 23, 3
   6              		.eabi_attribute 24, 1
   7              		.eabi_attribute 25, 1
   8              		.eabi_attribute 26, 1
   9              		.eabi_attribute 30, 6
  10              		.eabi_attribute 18, 4
  11              		.file	"elementos_pantalla.c"
  21              	.Ltext0:
  22              		.file 1 "../elementos_pantalla.c"
 1193              		.align	2
 1194              		.global	pintar_cuadricula
 1196              	pintar_cuadricula:
 1197              	.LFB0:
   1:../elementos_pantalla.c **** /*********************************************************************************************
   2:../elementos_pantalla.c **** * File£º	elementos_pantalla.h
   3:../elementos_pantalla.c **** * Author:	Fernando Peña Bes (756012) y Pedro José Pérez García (756642)
   4:../elementos_pantalla.c **** * Descrip:	Colección de funciones que permiten dibujar en la pantalla las pantallas
   5:../elementos_pantalla.c **** * 			que corresponden a la ejecución del reversi8 en la placa
   6:../elementos_pantalla.c **** * History:	A long time ago, in galaxy a far away...
   7:../elementos_pantalla.c **** *********************************************************************************************/
   8:../elementos_pantalla.c **** #include "lcd.h"
   9:../elementos_pantalla.c **** #include "elementos_pantalla.h"
  10:../elementos_pantalla.c **** 
  11:../elementos_pantalla.c **** void pintar_cuadricula()
  12:../elementos_pantalla.c **** {
 1198              		.loc 1 12 0
 1199              		.cfi_startproc
 1200              		@ Function supports interworking.
 1201              		@ args = 0, pretend = 0, frame = 8
 1202              		@ frame_needed = 1, uses_anonymous_args = 0
 1203 0000 0DC0A0E1 		mov	ip, sp
 1204              	.LCFI0:
 1205              		.cfi_def_cfa_register 12
 1206 0004 00D82DE9 		stmfd	sp!, {fp, ip, lr, pc}
 1207 0008 04B04CE2 		sub	fp, ip, #4
 1208              		.cfi_offset 14, -8
 1209              		.cfi_offset 13, -12
 1210              		.cfi_offset 11, -16
 1211              	.LCFI1:
 1212              		.cfi_def_cfa 11, 4
 1213 000c 10D04DE2 		sub	sp, sp, #16
  13:../elementos_pantalla.c **** 	volatile int i;
  14:../elementos_pantalla.c **** 	volatile int j;
  15:../elementos_pantalla.c **** 	for(i = 0; i < 8; i++)
 1214              		.loc 1 15 0
 1215 0010 0030A0E3 		mov	r3, #0
 1216 0014 10300BE5 		str	r3, [fp, #-16]
 1217 0018 5E0000EA 		b	.L2
 1218              	.L5:
  16:../elementos_pantalla.c **** 	{
  17:../elementos_pantalla.c **** 		for(j = 0; j < 8; j++)
 1219              		.loc 1 17 0
 1220 001c 0030A0E3 		mov	r3, #0
 1221 0020 14300BE5 		str	r3, [fp, #-20]
 1222 0024 550000EA 		b	.L3
 1223              	.L4:
  18:../elementos_pantalla.c **** 		{
  19:../elementos_pantalla.c **** 			Lcd_Draw_Box(100+25*j,20+25*i,125+25*j,45+25*i,BLACK);
 1224              		.loc 1 19 0 discriminator 2
 1225 0028 14301BE5 		ldr	r3, [fp, #-20]
 1226 002c 0338A0E1 		mov	r3, r3, asl #16
 1227 0030 2338A0E1 		mov	r3, r3, lsr #16
 1228 0034 0320A0E1 		mov	r2, r3	@ movhi
 1229 0038 0221A0E1 		mov	r2, r2, asl #2
 1230 003c 033082E0 		add	r3, r2, r3
 1231 0040 0320A0E1 		mov	r2, r3	@ movhi
 1232 0044 0211A0E1 		mov	r1, r2, asl #2
 1233 0048 0320A0E1 		mov	r2, r3	@ movhi
 1234 004c 0130A0E1 		mov	r3, r1	@ movhi
 1235 0050 033082E0 		add	r3, r2, r3
 1236 0054 0338A0E1 		mov	r3, r3, asl #16
 1237 0058 2338A0E1 		mov	r3, r3, lsr #16
 1238 005c 643083E2 		add	r3, r3, #100
 1239 0060 0338A0E1 		mov	r3, r3, asl #16
 1240 0064 2338A0E1 		mov	r3, r3, lsr #16
 1241 0068 0338A0E1 		mov	r3, r3, asl #16
 1242 006c 2308A0E1 		mov	r0, r3, lsr #16
 1243 0070 10301BE5 		ldr	r3, [fp, #-16]
 1244 0074 0338A0E1 		mov	r3, r3, asl #16
 1245 0078 2338A0E1 		mov	r3, r3, lsr #16
 1246 007c 0320A0E1 		mov	r2, r3	@ movhi
 1247 0080 0221A0E1 		mov	r2, r2, asl #2
 1248 0084 033082E0 		add	r3, r2, r3
 1249 0088 0320A0E1 		mov	r2, r3	@ movhi
 1250 008c 0211A0E1 		mov	r1, r2, asl #2
 1251 0090 0320A0E1 		mov	r2, r3	@ movhi
 1252 0094 0130A0E1 		mov	r3, r1	@ movhi
 1253 0098 033082E0 		add	r3, r2, r3
 1254 009c 0338A0E1 		mov	r3, r3, asl #16
 1255 00a0 2338A0E1 		mov	r3, r3, lsr #16
 1256 00a4 143083E2 		add	r3, r3, #20
 1257 00a8 0338A0E1 		mov	r3, r3, asl #16
 1258 00ac 2338A0E1 		mov	r3, r3, lsr #16
 1259 00b0 0338A0E1 		mov	r3, r3, asl #16
 1260 00b4 2318A0E1 		mov	r1, r3, lsr #16
 1261 00b8 14301BE5 		ldr	r3, [fp, #-20]
 1262 00bc 0338A0E1 		mov	r3, r3, asl #16
 1263 00c0 2338A0E1 		mov	r3, r3, lsr #16
 1264 00c4 0320A0E1 		mov	r2, r3	@ movhi
 1265 00c8 0221A0E1 		mov	r2, r2, asl #2
 1266 00cc 033082E0 		add	r3, r2, r3
 1267 00d0 0320A0E1 		mov	r2, r3	@ movhi
 1268 00d4 02C1A0E1 		mov	ip, r2, asl #2
 1269 00d8 0320A0E1 		mov	r2, r3	@ movhi
 1270 00dc 0C30A0E1 		mov	r3, ip	@ movhi
 1271 00e0 033082E0 		add	r3, r2, r3
 1272 00e4 0338A0E1 		mov	r3, r3, asl #16
 1273 00e8 2338A0E1 		mov	r3, r3, lsr #16
 1274 00ec 7D3083E2 		add	r3, r3, #125
 1275 00f0 0338A0E1 		mov	r3, r3, asl #16
 1276 00f4 2338A0E1 		mov	r3, r3, lsr #16
 1277 00f8 0338A0E1 		mov	r3, r3, asl #16
 1278 00fc 2328A0E1 		mov	r2, r3, lsr #16
 1279 0100 10301BE5 		ldr	r3, [fp, #-16]
 1280 0104 0338A0E1 		mov	r3, r3, asl #16
 1281 0108 2338A0E1 		mov	r3, r3, lsr #16
 1282 010c 03C0A0E1 		mov	ip, r3	@ movhi
 1283 0110 0CC1A0E1 		mov	ip, ip, asl #2
 1284 0114 03308CE0 		add	r3, ip, r3
 1285 0118 03C0A0E1 		mov	ip, r3	@ movhi
 1286 011c 0CE1A0E1 		mov	lr, ip, asl #2
 1287 0120 03C0A0E1 		mov	ip, r3	@ movhi
 1288 0124 0E30A0E1 		mov	r3, lr	@ movhi
 1289 0128 03308CE0 		add	r3, ip, r3
 1290 012c 0338A0E1 		mov	r3, r3, asl #16
 1291 0130 2338A0E1 		mov	r3, r3, lsr #16
 1292 0134 2D3083E2 		add	r3, r3, #45
 1293 0138 0338A0E1 		mov	r3, r3, asl #16
 1294 013c 2338A0E1 		mov	r3, r3, lsr #16
 1295 0140 0338A0E1 		mov	r3, r3, asl #16
 1296 0144 2338A0E1 		mov	r3, r3, lsr #16
 1297 0148 0008A0E1 		mov	r0, r0, asl #16
 1298 014c 4008A0E1 		mov	r0, r0, asr #16
 1299 0150 0118A0E1 		mov	r1, r1, asl #16
 1300 0154 4118A0E1 		mov	r1, r1, asr #16
 1301 0158 0228A0E1 		mov	r2, r2, asl #16
 1302 015c 4228A0E1 		mov	r2, r2, asr #16
 1303 0160 0338A0E1 		mov	r3, r3, asl #16
 1304 0164 4338A0E1 		mov	r3, r3, asr #16
 1305 0168 0FC0A0E3 		mov	ip, #15
 1306 016c 00C08DE5 		str	ip, [sp, #0]
 1307 0170 FEFFFFEB 		bl	Lcd_Draw_Box
  17:../elementos_pantalla.c **** 		for(j = 0; j < 8; j++)
 1308              		.loc 1 17 0 discriminator 2
 1309 0174 14301BE5 		ldr	r3, [fp, #-20]
 1310 0178 013083E2 		add	r3, r3, #1
 1311 017c 14300BE5 		str	r3, [fp, #-20]
 1312              	.L3:
  17:../elementos_pantalla.c **** 		for(j = 0; j < 8; j++)
 1313              		.loc 1 17 0 is_stmt 0 discriminator 1
 1314 0180 14301BE5 		ldr	r3, [fp, #-20]
 1315 0184 070053E3 		cmp	r3, #7
 1316 0188 A6FFFFDA 		ble	.L4
  15:../elementos_pantalla.c **** 	for(i = 0; i < 8; i++)
 1317              		.loc 1 15 0 is_stmt 1
 1318 018c 10301BE5 		ldr	r3, [fp, #-16]
 1319 0190 013083E2 		add	r3, r3, #1
 1320 0194 10300BE5 		str	r3, [fp, #-16]
 1321              	.L2:
  15:../elementos_pantalla.c **** 	for(i = 0; i < 8; i++)
 1322              		.loc 1 15 0 is_stmt 0 discriminator 1
 1323 0198 10301BE5 		ldr	r3, [fp, #-16]
 1324 019c 070053E3 		cmp	r3, #7
 1325 01a0 9DFFFFDA 		ble	.L5
  20:../elementos_pantalla.c **** 		}
  21:../elementos_pantalla.c **** 	}
  22:../elementos_pantalla.c **** }
 1326              		.loc 1 22 0 is_stmt 1
 1327 01a4 0CD04BE2 		sub	sp, fp, #12
 1328 01a8 00689DE8 		ldmfd	sp, {fp, sp, lr}
 1329 01ac 1EFF2FE1 		bx	lr
 1330              		.cfi_endproc
 1331              	.LFE0:
 1333              		.section	.rodata
 1334              		.align	2
 1335              	.LC0:
 1336 0000 3100     		.ascii	"1\000"
 1337 0002 0000     		.align	2
 1338              	.LC1:
 1339 0004 3200     		.ascii	"2\000"
 1340 0006 0000     		.align	2
 1341              	.LC2:
 1342 0008 3300     		.ascii	"3\000"
 1343 000a 0000     		.align	2
 1344              	.LC3:
 1345 000c 3400     		.ascii	"4\000"
 1346 000e 0000     		.align	2
 1347              	.LC4:
 1348 0010 3500     		.ascii	"5\000"
 1349 0012 0000     		.align	2
 1350              	.LC5:
 1351 0014 3600     		.ascii	"6\000"
 1352 0016 0000     		.align	2
 1353              	.LC6:
 1354 0018 3700     		.ascii	"7\000"
 1355 001a 0000     		.align	2
 1356              	.LC7:
 1357 001c 3800     		.ascii	"8\000"
 1358              		.text
 1359              		.align	2
 1360              		.global	pintar_numeros_tablero
 1362              	pintar_numeros_tablero:
 1363              	.LFB1:
  23:../elementos_pantalla.c **** 
  24:../elementos_pantalla.c **** void pintar_numeros_tablero()
  25:../elementos_pantalla.c **** {
 1364              		.loc 1 25 0
 1365              		.cfi_startproc
 1366              		@ Function supports interworking.
 1367              		@ args = 0, pretend = 0, frame = 0
 1368              		@ frame_needed = 1, uses_anonymous_args = 0
 1369 01b0 0DC0A0E1 		mov	ip, sp
 1370              	.LCFI2:
 1371              		.cfi_def_cfa_register 12
 1372 01b4 00D82DE9 		stmfd	sp!, {fp, ip, lr, pc}
 1373 01b8 04B04CE2 		sub	fp, ip, #4
 1374              		.cfi_offset 14, -8
 1375              		.cfi_offset 13, -12
 1376              		.cfi_offset 11, -16
 1377              	.LCFI3:
 1378              		.cfi_def_cfa 11, 4
  26:../elementos_pantalla.c **** 	//Poner índices de filas
  27:../elementos_pantalla.c **** 	Lcd_DspAscII8x16(110,0,BLACK,"1");
 1379              		.loc 1 27 0
 1380 01bc 6E00A0E3 		mov	r0, #110
 1381 01c0 0010A0E3 		mov	r1, #0
 1382 01c4 0F20A0E3 		mov	r2, #15
 1383 01c8 38319FE5 		ldr	r3, .L7
 1384 01cc FEFFFFEB 		bl	Lcd_DspAscII8x16
  28:../elementos_pantalla.c **** 	Lcd_DspAscII8x16(135,0,BLACK,"2");
 1385              		.loc 1 28 0
 1386 01d0 8700A0E3 		mov	r0, #135
 1387 01d4 0010A0E3 		mov	r1, #0
 1388 01d8 0F20A0E3 		mov	r2, #15
 1389 01dc 28319FE5 		ldr	r3, .L7+4
 1390 01e0 FEFFFFEB 		bl	Lcd_DspAscII8x16
  29:../elementos_pantalla.c **** 	Lcd_DspAscII8x16(160,0,BLACK,"3");
 1391              		.loc 1 29 0
 1392 01e4 A000A0E3 		mov	r0, #160
 1393 01e8 0010A0E3 		mov	r1, #0
 1394 01ec 0F20A0E3 		mov	r2, #15
 1395 01f0 18319FE5 		ldr	r3, .L7+8
 1396 01f4 FEFFFFEB 		bl	Lcd_DspAscII8x16
  30:../elementos_pantalla.c **** 	Lcd_DspAscII8x16(185,0,BLACK,"4");
 1397              		.loc 1 30 0
 1398 01f8 B900A0E3 		mov	r0, #185
 1399 01fc 0010A0E3 		mov	r1, #0
 1400 0200 0F20A0E3 		mov	r2, #15
 1401 0204 08319FE5 		ldr	r3, .L7+12
 1402 0208 FEFFFFEB 		bl	Lcd_DspAscII8x16
  31:../elementos_pantalla.c **** 	Lcd_DspAscII8x16(210,0,BLACK,"5");
 1403              		.loc 1 31 0
 1404 020c D200A0E3 		mov	r0, #210
 1405 0210 0010A0E3 		mov	r1, #0
 1406 0214 0F20A0E3 		mov	r2, #15
 1407 0218 F8309FE5 		ldr	r3, .L7+16
 1408 021c FEFFFFEB 		bl	Lcd_DspAscII8x16
  32:../elementos_pantalla.c **** 	Lcd_DspAscII8x16(235,0,BLACK,"6");
 1409              		.loc 1 32 0
 1410 0220 EB00A0E3 		mov	r0, #235
 1411 0224 0010A0E3 		mov	r1, #0
 1412 0228 0F20A0E3 		mov	r2, #15
 1413 022c E8309FE5 		ldr	r3, .L7+20
 1414 0230 FEFFFFEB 		bl	Lcd_DspAscII8x16
  33:../elementos_pantalla.c **** 	Lcd_DspAscII8x16(260,0,BLACK,"7");
 1415              		.loc 1 33 0
 1416 0234 410FA0E3 		mov	r0, #260
 1417 0238 0010A0E3 		mov	r1, #0
 1418 023c 0F20A0E3 		mov	r2, #15
 1419 0240 D8309FE5 		ldr	r3, .L7+24
 1420 0244 FEFFFFEB 		bl	Lcd_DspAscII8x16
  34:../elementos_pantalla.c **** 	Lcd_DspAscII8x16(285,0,BLACK,"8");
 1421              		.loc 1 34 0
 1422 0248 D4009FE5 		ldr	r0, .L7+28
 1423 024c 0010A0E3 		mov	r1, #0
 1424 0250 0F20A0E3 		mov	r2, #15
 1425 0254 CC309FE5 		ldr	r3, .L7+32
 1426 0258 FEFFFFEB 		bl	Lcd_DspAscII8x16
  35:../elementos_pantalla.c **** 	//Poner índices de columnas
  36:../elementos_pantalla.c **** 	Lcd_DspAscII8x16(310,25,BLACK,"1");
 1427              		.loc 1 36 0
 1428 025c C8009FE5 		ldr	r0, .L7+36
 1429 0260 1910A0E3 		mov	r1, #25
 1430 0264 0F20A0E3 		mov	r2, #15
 1431 0268 98309FE5 		ldr	r3, .L7
 1432 026c FEFFFFEB 		bl	Lcd_DspAscII8x16
  37:../elementos_pantalla.c **** 	Lcd_DspAscII8x16(310,50,BLACK,"2");
 1433              		.loc 1 37 0
 1434 0270 B4009FE5 		ldr	r0, .L7+36
 1435 0274 3210A0E3 		mov	r1, #50
 1436 0278 0F20A0E3 		mov	r2, #15
 1437 027c 88309FE5 		ldr	r3, .L7+4
 1438 0280 FEFFFFEB 		bl	Lcd_DspAscII8x16
  38:../elementos_pantalla.c **** 	Lcd_DspAscII8x16(310,75,BLACK,"3");
 1439              		.loc 1 38 0
 1440 0284 A0009FE5 		ldr	r0, .L7+36
 1441 0288 4B10A0E3 		mov	r1, #75
 1442 028c 0F20A0E3 		mov	r2, #15
 1443 0290 78309FE5 		ldr	r3, .L7+8
 1444 0294 FEFFFFEB 		bl	Lcd_DspAscII8x16
  39:../elementos_pantalla.c **** 	Lcd_DspAscII8x16(310,100,BLACK,"4");
 1445              		.loc 1 39 0
 1446 0298 8C009FE5 		ldr	r0, .L7+36
 1447 029c 6410A0E3 		mov	r1, #100
 1448 02a0 0F20A0E3 		mov	r2, #15
 1449 02a4 68309FE5 		ldr	r3, .L7+12
 1450 02a8 FEFFFFEB 		bl	Lcd_DspAscII8x16
  40:../elementos_pantalla.c **** 	Lcd_DspAscII8x16(310,125,BLACK,"5");
 1451              		.loc 1 40 0
 1452 02ac 78009FE5 		ldr	r0, .L7+36
 1453 02b0 7D10A0E3 		mov	r1, #125
 1454 02b4 0F20A0E3 		mov	r2, #15
 1455 02b8 58309FE5 		ldr	r3, .L7+16
 1456 02bc FEFFFFEB 		bl	Lcd_DspAscII8x16
  41:../elementos_pantalla.c **** 	Lcd_DspAscII8x16(310,150,BLACK,"6");
 1457              		.loc 1 41 0
 1458 02c0 64009FE5 		ldr	r0, .L7+36
 1459 02c4 9610A0E3 		mov	r1, #150
 1460 02c8 0F20A0E3 		mov	r2, #15
 1461 02cc 48309FE5 		ldr	r3, .L7+20
 1462 02d0 FEFFFFEB 		bl	Lcd_DspAscII8x16
  42:../elementos_pantalla.c **** 	Lcd_DspAscII8x16(310,175,BLACK,"7");
 1463              		.loc 1 42 0
 1464 02d4 50009FE5 		ldr	r0, .L7+36
 1465 02d8 AF10A0E3 		mov	r1, #175
 1466 02dc 0F20A0E3 		mov	r2, #15
 1467 02e0 38309FE5 		ldr	r3, .L7+24
 1468 02e4 FEFFFFEB 		bl	Lcd_DspAscII8x16
  43:../elementos_pantalla.c **** 	Lcd_DspAscII8x16(310,200,BLACK,"8");
 1469              		.loc 1 43 0
 1470 02e8 3C009FE5 		ldr	r0, .L7+36
 1471 02ec C810A0E3 		mov	r1, #200
 1472 02f0 0F20A0E3 		mov	r2, #15
 1473 02f4 2C309FE5 		ldr	r3, .L7+32
 1474 02f8 FEFFFFEB 		bl	Lcd_DspAscII8x16
  44:../elementos_pantalla.c **** }
 1475              		.loc 1 44 0
 1476 02fc 0CD04BE2 		sub	sp, fp, #12
 1477 0300 00689DE8 		ldmfd	sp, {fp, sp, lr}
 1478 0304 1EFF2FE1 		bx	lr
 1479              	.L8:
 1480              		.align	2
 1481              	.L7:
 1482 0308 00000000 		.word	.LC0
 1483 030c 04000000 		.word	.LC1
 1484 0310 08000000 		.word	.LC2
 1485 0314 0C000000 		.word	.LC3
 1486 0318 10000000 		.word	.LC4
 1487 031c 14000000 		.word	.LC5
 1488 0320 18000000 		.word	.LC6
 1489 0324 1D010000 		.word	285
 1490 0328 1C000000 		.word	.LC7
 1491 032c 36010000 		.word	310
 1492              		.cfi_endproc
 1493              	.LFE1:
 1495              		.section	.rodata
 1496 001e 0000     		.align	2
 1497              	.LC8:
 1498 0020 5469656D 		.ascii	"Tiempo total\000"
 1498      706F2074 
 1498      6F74616C 
 1498      00
 1499 002d 000000   		.align	2
 1500              	.LC9:
 1501 0030 6465206A 		.ascii	"de juego:\000"
 1501      7565676F 
 1501      3A00
 1502 003a 0000     		.align	2
 1503              	.LC10:
 1504 003c 5469656D 		.ascii	"Tiempo para\000"
 1504      706F2070 
 1504      61726100 
 1505              		.align	2
 1506              	.LC11:
 1507 0048 63616C63 		.ascii	"calculos:\000"
 1507      756C6F73 
 1507      3A00
 1508 0052 0000     		.align	2
 1509              	.LC12:
 1510 0054 702E766F 		.ascii	"p.volteo:\000"
 1510      6C74656F 
 1510      3A00
 1511 005e 0000     		.align	2
 1512              	.LC13:
 1513 0060 4E756D65 		.ascii	"Numero inv.\000"
 1513      726F2069 
 1513      6E762E00 
 1514              		.align	2
 1515              	.LC14:
 1516 006c 2D3E2054 		.ascii	"-> TOCA LA PANTALLA PARA HACER TU JUGADA\000"
 1516      4F434120 
 1516      4C412050 
 1516      414E5441 
 1516      4C4C4120 
 1517              		.text
 1518              		.align	2
 1519              		.global	pintar_textos
 1521              	pintar_textos:
 1522              	.LFB2:
  45:../elementos_pantalla.c **** 
  46:../elementos_pantalla.c **** void pintar_textos()
  47:../elementos_pantalla.c **** {
 1523              		.loc 1 47 0
 1524              		.cfi_startproc
 1525              		@ Function supports interworking.
 1526              		@ args = 0, pretend = 0, frame = 0
 1527              		@ frame_needed = 1, uses_anonymous_args = 0
 1528 0330 0DC0A0E1 		mov	ip, sp
 1529              	.LCFI4:
 1530              		.cfi_def_cfa_register 12
 1531 0334 00D82DE9 		stmfd	sp!, {fp, ip, lr, pc}
 1532 0338 04B04CE2 		sub	fp, ip, #4
 1533              		.cfi_offset 14, -8
 1534              		.cfi_offset 13, -12
 1535              		.cfi_offset 11, -16
 1536              	.LCFI5:
 1537              		.cfi_def_cfa 11, 4
  48:../elementos_pantalla.c **** 	Lcd_DspAscII8x16(5,10,BLACK,"Tiempo total");
 1538              		.loc 1 48 0
 1539 033c 0500A0E3 		mov	r0, #5
 1540 0340 0A10A0E3 		mov	r1, #10
 1541 0344 0F20A0E3 		mov	r2, #15
 1542 0348 AC309FE5 		ldr	r3, .L10
 1543 034c FEFFFFEB 		bl	Lcd_DspAscII8x16
  49:../elementos_pantalla.c **** 	Lcd_DspAscII8x16(20,20,BLACK,"de juego:");
 1544              		.loc 1 49 0
 1545 0350 1400A0E3 		mov	r0, #20
 1546 0354 1410A0E3 		mov	r1, #20
 1547 0358 0F20A0E3 		mov	r2, #15
 1548 035c 9C309FE5 		ldr	r3, .L10+4
 1549 0360 FEFFFFEB 		bl	Lcd_DspAscII8x16
  50:../elementos_pantalla.c **** 	Lcd_DspAscII8x16(5,60,BLACK,"Tiempo para");
 1550              		.loc 1 50 0
 1551 0364 0500A0E3 		mov	r0, #5
 1552 0368 3C10A0E3 		mov	r1, #60
 1553 036c 0F20A0E3 		mov	r2, #15
 1554 0370 8C309FE5 		ldr	r3, .L10+8
 1555 0374 FEFFFFEB 		bl	Lcd_DspAscII8x16
  51:../elementos_pantalla.c **** 	Lcd_DspAscII8x16(20,70,BLACK,"calculos:");
 1556              		.loc 1 51 0
 1557 0378 1400A0E3 		mov	r0, #20
 1558 037c 4610A0E3 		mov	r1, #70
 1559 0380 0F20A0E3 		mov	r2, #15
 1560 0384 7C309FE5 		ldr	r3, .L10+12
 1561 0388 FEFFFFEB 		bl	Lcd_DspAscII8x16
  52:../elementos_pantalla.c **** 	Lcd_DspAscII8x16(5,110,BLACK,"Tiempo para");
 1562              		.loc 1 52 0
 1563 038c 0500A0E3 		mov	r0, #5
 1564 0390 6E10A0E3 		mov	r1, #110
 1565 0394 0F20A0E3 		mov	r2, #15
 1566 0398 64309FE5 		ldr	r3, .L10+8
 1567 039c FEFFFFEB 		bl	Lcd_DspAscII8x16
  53:../elementos_pantalla.c **** 	Lcd_DspAscII8x16(20,120,BLACK,"p.volteo:");
 1568              		.loc 1 53 0
 1569 03a0 1400A0E3 		mov	r0, #20
 1570 03a4 7810A0E3 		mov	r1, #120
 1571 03a8 0F20A0E3 		mov	r2, #15
 1572 03ac 58309FE5 		ldr	r3, .L10+16
 1573 03b0 FEFFFFEB 		bl	Lcd_DspAscII8x16
  54:../elementos_pantalla.c **** 	Lcd_DspAscII8x16(5,160,BLACK,"Numero inv.");
 1574              		.loc 1 54 0
 1575 03b4 0500A0E3 		mov	r0, #5
 1576 03b8 A010A0E3 		mov	r1, #160
 1577 03bc 0F20A0E3 		mov	r2, #15
 1578 03c0 48309FE5 		ldr	r3, .L10+20
 1579 03c4 FEFFFFEB 		bl	Lcd_DspAscII8x16
  55:../elementos_pantalla.c **** 	Lcd_DspAscII8x16(20,170,BLACK,"p.volteo:");
 1580              		.loc 1 55 0
 1581 03c8 1400A0E3 		mov	r0, #20
 1582 03cc AA10A0E3 		mov	r1, #170
 1583 03d0 0F20A0E3 		mov	r2, #15
 1584 03d4 30309FE5 		ldr	r3, .L10+16
 1585 03d8 FEFFFFEB 		bl	Lcd_DspAscII8x16
  56:../elementos_pantalla.c **** 	Lcd_DspAscII8x16(0,220,BLACK,"-> TOCA LA PANTALLA PARA HACER TU JUGADA");
 1586              		.loc 1 56 0
 1587 03dc 0000A0E3 		mov	r0, #0
 1588 03e0 DC10A0E3 		mov	r1, #220
 1589 03e4 0F20A0E3 		mov	r2, #15
 1590 03e8 24309FE5 		ldr	r3, .L10+24
 1591 03ec FEFFFFEB 		bl	Lcd_DspAscII8x16
  57:../elementos_pantalla.c **** }
 1592              		.loc 1 57 0
 1593 03f0 0CD04BE2 		sub	sp, fp, #12
 1594 03f4 00689DE8 		ldmfd	sp, {fp, sp, lr}
 1595 03f8 1EFF2FE1 		bx	lr
 1596              	.L11:
 1597              		.align	2
 1598              	.L10:
 1599 03fc 20000000 		.word	.LC8
 1600 0400 30000000 		.word	.LC9
 1601 0404 3C000000 		.word	.LC10
 1602 0408 48000000 		.word	.LC11
 1603 040c 54000000 		.word	.LC12
 1604 0410 60000000 		.word	.LC13
 1605 0414 6C000000 		.word	.LC14
 1606              		.cfi_endproc
 1607              	.LFE2:
 1609              		.section	.rodata
 1610 0095 000000   		.align	2
 1611              	.LC15:
 1612 0098 4F00     		.ascii	"O\000"
 1613 009a 0000     		.align	2
 1614              	.LC16:
 1615 009c 5800     		.ascii	"X\000"
 1616 009e 0000     		.align	2
 1617              	.LC17:
 1618 00a0 282900   		.ascii	"()\000"
 1619              		.text
 1620              		.align	2
 1621              		.global	pintar_ficha
 1623              	pintar_ficha:
 1624              	.LFB3:
  58:../elementos_pantalla.c **** 
  59:../elementos_pantalla.c **** 
  60:../elementos_pantalla.c **** //La fila
  61:../elementos_pantalla.c **** void pintar_ficha(int fila, int col, int color)	//1 -> blanco 2-> negro 3-> gris
  62:../elementos_pantalla.c **** {
 1625              		.loc 1 62 0
 1626              		.cfi_startproc
 1627              		@ Function supports interworking.
 1628              		@ args = 0, pretend = 0, frame = 16
 1629              		@ frame_needed = 1, uses_anonymous_args = 0
 1630 0418 0DC0A0E1 		mov	ip, sp
 1631              	.LCFI6:
 1632              		.cfi_def_cfa_register 12
 1633 041c 00D82DE9 		stmfd	sp!, {fp, ip, lr, pc}
 1634 0420 04B04CE2 		sub	fp, ip, #4
 1635              		.cfi_offset 14, -8
 1636              		.cfi_offset 13, -12
 1637              		.cfi_offset 11, -16
 1638              	.LCFI7:
 1639              		.cfi_def_cfa 11, 4
 1640 0424 10D04DE2 		sub	sp, sp, #16
 1641 0428 10000BE5 		str	r0, [fp, #-16]
 1642 042c 14100BE5 		str	r1, [fp, #-20]
 1643 0430 18200BE5 		str	r2, [fp, #-24]
  63:../elementos_pantalla.c **** 	switch(color)
 1644              		.loc 1 63 0
 1645 0434 18301BE5 		ldr	r3, [fp, #-24]
 1646 0438 010053E3 		cmp	r3, #1
 1647 043c 0200000A 		beq	.L14
 1648 0440 020053E3 		cmp	r3, #2
 1649 0444 2400000A 		beq	.L15
 1650 0448 470000EA 		b	.L17
 1651              	.L14:
  64:../elementos_pantalla.c **** 	{
  65:../elementos_pantalla.c **** 		case 1:
  66:../elementos_pantalla.c **** 			Lcd_DspAscII8x16(110+25*col, 25+25*fila,0x4, "O");
 1652              		.loc 1 66 0
 1653 044c 14301BE5 		ldr	r3, [fp, #-20]
 1654 0450 0338A0E1 		mov	r3, r3, asl #16
 1655 0454 2338A0E1 		mov	r3, r3, lsr #16
 1656 0458 0320A0E1 		mov	r2, r3	@ movhi
 1657 045c 0221A0E1 		mov	r2, r2, asl #2
 1658 0460 033082E0 		add	r3, r2, r3
 1659 0464 0320A0E1 		mov	r2, r3	@ movhi
 1660 0468 0211A0E1 		mov	r1, r2, asl #2
 1661 046c 0320A0E1 		mov	r2, r3	@ movhi
 1662 0470 0130A0E1 		mov	r3, r1	@ movhi
 1663 0474 033082E0 		add	r3, r2, r3
 1664 0478 0338A0E1 		mov	r3, r3, asl #16
 1665 047c 2338A0E1 		mov	r3, r3, lsr #16
 1666 0480 6E3083E2 		add	r3, r3, #110
 1667 0484 0338A0E1 		mov	r3, r3, asl #16
 1668 0488 2328A0E1 		mov	r2, r3, lsr #16
 1669 048c 10301BE5 		ldr	r3, [fp, #-16]
 1670 0490 013083E2 		add	r3, r3, #1
 1671 0494 0338A0E1 		mov	r3, r3, asl #16
 1672 0498 2338A0E1 		mov	r3, r3, lsr #16
 1673 049c 0310A0E1 		mov	r1, r3	@ movhi
 1674 04a0 0111A0E1 		mov	r1, r1, asl #2
 1675 04a4 033081E0 		add	r3, r1, r3
 1676 04a8 0310A0E1 		mov	r1, r3	@ movhi
 1677 04ac 0101A0E1 		mov	r0, r1, asl #2
 1678 04b0 0310A0E1 		mov	r1, r3	@ movhi
 1679 04b4 0030A0E1 		mov	r3, r0	@ movhi
 1680 04b8 033081E0 		add	r3, r1, r3
 1681 04bc 0338A0E1 		mov	r3, r3, asl #16
 1682 04c0 2338A0E1 		mov	r3, r3, lsr #16
 1683 04c4 0200A0E1 		mov	r0, r2
 1684 04c8 0310A0E1 		mov	r1, r3
 1685 04cc 0420A0E3 		mov	r2, #4
 1686 04d0 30319FE5 		ldr	r3, .L18
 1687 04d4 FEFFFFEB 		bl	Lcd_DspAscII8x16
  67:../elementos_pantalla.c **** 			break;
 1688              		.loc 1 67 0
 1689 04d8 470000EA 		b	.L12
 1690              	.L15:
  68:../elementos_pantalla.c **** 		case 2:
  69:../elementos_pantalla.c **** 			Lcd_DspAscII8x16(110+25*col, 25+25*fila,BLACK, "X");
 1691              		.loc 1 69 0
 1692 04dc 14301BE5 		ldr	r3, [fp, #-20]
 1693 04e0 0338A0E1 		mov	r3, r3, asl #16
 1694 04e4 2338A0E1 		mov	r3, r3, lsr #16
 1695 04e8 0320A0E1 		mov	r2, r3	@ movhi
 1696 04ec 0221A0E1 		mov	r2, r2, asl #2
 1697 04f0 033082E0 		add	r3, r2, r3
 1698 04f4 0320A0E1 		mov	r2, r3	@ movhi
 1699 04f8 0211A0E1 		mov	r1, r2, asl #2
 1700 04fc 0320A0E1 		mov	r2, r3	@ movhi
 1701 0500 0130A0E1 		mov	r3, r1	@ movhi
 1702 0504 033082E0 		add	r3, r2, r3
 1703 0508 0338A0E1 		mov	r3, r3, asl #16
 1704 050c 2338A0E1 		mov	r3, r3, lsr #16
 1705 0510 6E3083E2 		add	r3, r3, #110
 1706 0514 0338A0E1 		mov	r3, r3, asl #16
 1707 0518 2328A0E1 		mov	r2, r3, lsr #16
 1708 051c 10301BE5 		ldr	r3, [fp, #-16]
 1709 0520 013083E2 		add	r3, r3, #1
 1710 0524 0338A0E1 		mov	r3, r3, asl #16
 1711 0528 2338A0E1 		mov	r3, r3, lsr #16
 1712 052c 0310A0E1 		mov	r1, r3	@ movhi
 1713 0530 0111A0E1 		mov	r1, r1, asl #2
 1714 0534 033081E0 		add	r3, r1, r3
 1715 0538 0310A0E1 		mov	r1, r3	@ movhi
 1716 053c 0101A0E1 		mov	r0, r1, asl #2
 1717 0540 0310A0E1 		mov	r1, r3	@ movhi
 1718 0544 0030A0E1 		mov	r3, r0	@ movhi
 1719 0548 033081E0 		add	r3, r1, r3
 1720 054c 0338A0E1 		mov	r3, r3, asl #16
 1721 0550 2338A0E1 		mov	r3, r3, lsr #16
 1722 0554 0200A0E1 		mov	r0, r2
 1723 0558 0310A0E1 		mov	r1, r3
 1724 055c 0F20A0E3 		mov	r2, #15
 1725 0560 A4309FE5 		ldr	r3, .L18+4
 1726 0564 FEFFFFEB 		bl	Lcd_DspAscII8x16
  70:../elementos_pantalla.c **** 			break;
 1727              		.loc 1 70 0
 1728 0568 230000EA 		b	.L12
 1729              	.L17:
  71:../elementos_pantalla.c **** 		default:
  72:../elementos_pantalla.c **** 			Lcd_DspAscII8x16(110+25*col, 25+25*fila,0xb, "()");
 1730              		.loc 1 72 0
 1731 056c 14301BE5 		ldr	r3, [fp, #-20]
 1732 0570 0338A0E1 		mov	r3, r3, asl #16
 1733 0574 2338A0E1 		mov	r3, r3, lsr #16
 1734 0578 0320A0E1 		mov	r2, r3	@ movhi
 1735 057c 0221A0E1 		mov	r2, r2, asl #2
 1736 0580 033082E0 		add	r3, r2, r3
 1737 0584 0320A0E1 		mov	r2, r3	@ movhi
 1738 0588 0211A0E1 		mov	r1, r2, asl #2
 1739 058c 0320A0E1 		mov	r2, r3	@ movhi
 1740 0590 0130A0E1 		mov	r3, r1	@ movhi
 1741 0594 033082E0 		add	r3, r2, r3
 1742 0598 0338A0E1 		mov	r3, r3, asl #16
 1743 059c 2338A0E1 		mov	r3, r3, lsr #16
 1744 05a0 6E3083E2 		add	r3, r3, #110
 1745 05a4 0338A0E1 		mov	r3, r3, asl #16
 1746 05a8 2328A0E1 		mov	r2, r3, lsr #16
 1747 05ac 10301BE5 		ldr	r3, [fp, #-16]
 1748 05b0 013083E2 		add	r3, r3, #1
 1749 05b4 0338A0E1 		mov	r3, r3, asl #16
 1750 05b8 2338A0E1 		mov	r3, r3, lsr #16
 1751 05bc 0310A0E1 		mov	r1, r3	@ movhi
 1752 05c0 0111A0E1 		mov	r1, r1, asl #2
 1753 05c4 033081E0 		add	r3, r1, r3
 1754 05c8 0310A0E1 		mov	r1, r3	@ movhi
 1755 05cc 0101A0E1 		mov	r0, r1, asl #2
 1756 05d0 0310A0E1 		mov	r1, r3	@ movhi
 1757 05d4 0030A0E1 		mov	r3, r0	@ movhi
 1758 05d8 033081E0 		add	r3, r1, r3
 1759 05dc 0338A0E1 		mov	r3, r3, asl #16
 1760 05e0 2338A0E1 		mov	r3, r3, lsr #16
 1761 05e4 0200A0E1 		mov	r0, r2
 1762 05e8 0310A0E1 		mov	r1, r3
 1763 05ec 0B20A0E3 		mov	r2, #11
 1764 05f0 18309FE5 		ldr	r3, .L18+8
 1765 05f4 FEFFFFEB 		bl	Lcd_DspAscII8x16
  73:../elementos_pantalla.c **** 			break;
 1766              		.loc 1 73 0
 1767 05f8 0000A0E1 		mov	r0, r0	@ nop
 1768              	.L12:
  74:../elementos_pantalla.c **** 	}
  75:../elementos_pantalla.c **** }
 1769              		.loc 1 75 0
 1770 05fc 0CD04BE2 		sub	sp, fp, #12
 1771 0600 00689DE8 		ldmfd	sp, {fp, sp, lr}
 1772 0604 1EFF2FE1 		bx	lr
 1773              	.L19:
 1774              		.align	2
 1775              	.L18:
 1776 0608 98000000 		.word	.LC15
 1777 060c 9C000000 		.word	.LC16
 1778 0610 A0000000 		.word	.LC17
 1779              		.cfi_endproc
 1780              	.LFE3:
 1782              		.section	.rodata
 1783 00a3 00       		.align	2
 1784              	.LC18:
 1785 00a4 34353132 		.ascii	"451245\000"
 1785      343500
 1786 00ab 00       		.align	2
 1787              	.LC19:
 1788 00ac 38343531 		.ascii	"84512\000"
 1788      3200
 1789 00b2 0000     		.align	2
 1790              	.LC20:
 1791 00b4 35363435 		.ascii	"56456\000"
 1791      3600
 1792 00ba 0000     		.align	2
 1793              	.LC21:
 1794 00bc 34363933 		.ascii	"469352\000"
 1794      353200
 1795              		.text
 1796              		.align	2
 1797              		.global	pintar_profiling
 1799              	pintar_profiling:
 1800              	.LFB4:
  76:../elementos_pantalla.c **** 
  77:../elementos_pantalla.c **** void pintar_profiling(int t_total, int t_calc, int t_pvolteo, int veces_pvolteo)
  78:../elementos_pantalla.c **** {
 1801              		.loc 1 78 0
 1802              		.cfi_startproc
 1803              		@ Function supports interworking.
 1804              		@ args = 0, pretend = 0, frame = 16
 1805              		@ frame_needed = 1, uses_anonymous_args = 0
 1806 0614 0DC0A0E1 		mov	ip, sp
 1807              	.LCFI8:
 1808              		.cfi_def_cfa_register 12
 1809 0618 00D82DE9 		stmfd	sp!, {fp, ip, lr, pc}
 1810 061c 04B04CE2 		sub	fp, ip, #4
 1811              		.cfi_offset 14, -8
 1812              		.cfi_offset 13, -12
 1813              		.cfi_offset 11, -16
 1814              	.LCFI9:
 1815              		.cfi_def_cfa 11, 4
 1816 0620 10D04DE2 		sub	sp, sp, #16
 1817 0624 10000BE5 		str	r0, [fp, #-16]
 1818 0628 14100BE5 		str	r1, [fp, #-20]
 1819 062c 18200BE5 		str	r2, [fp, #-24]
 1820 0630 1C300BE5 		str	r3, [fp, #-28]
  79:../elementos_pantalla.c **** 	Lcd_DspAscII8x16(20,35,BLACK,"451245");
 1821              		.loc 1 79 0
 1822 0634 1400A0E3 		mov	r0, #20
 1823 0638 2310A0E3 		mov	r1, #35
 1824 063c 0F20A0E3 		mov	r2, #15
 1825 0640 48309FE5 		ldr	r3, .L21
 1826 0644 FEFFFFEB 		bl	Lcd_DspAscII8x16
  80:../elementos_pantalla.c **** 	Lcd_DspAscII8x16(20,85,BLACK,"84512");
 1827              		.loc 1 80 0
 1828 0648 1400A0E3 		mov	r0, #20
 1829 064c 5510A0E3 		mov	r1, #85
 1830 0650 0F20A0E3 		mov	r2, #15
 1831 0654 38309FE5 		ldr	r3, .L21+4
 1832 0658 FEFFFFEB 		bl	Lcd_DspAscII8x16
  81:../elementos_pantalla.c **** 	Lcd_DspAscII8x16(20,135,BLACK,"56456");
 1833              		.loc 1 81 0
 1834 065c 1400A0E3 		mov	r0, #20
 1835 0660 8710A0E3 		mov	r1, #135
 1836 0664 0F20A0E3 		mov	r2, #15
 1837 0668 28309FE5 		ldr	r3, .L21+8
 1838 066c FEFFFFEB 		bl	Lcd_DspAscII8x16
  82:../elementos_pantalla.c **** 	Lcd_DspAscII8x16(20,185,BLACK,"469352");
 1839              		.loc 1 82 0
 1840 0670 1400A0E3 		mov	r0, #20
 1841 0674 B910A0E3 		mov	r1, #185
 1842 0678 0F20A0E3 		mov	r2, #15
 1843 067c 18309FE5 		ldr	r3, .L21+12
 1844 0680 FEFFFFEB 		bl	Lcd_DspAscII8x16
  83:../elementos_pantalla.c **** }
 1845              		.loc 1 83 0
 1846 0684 0CD04BE2 		sub	sp, fp, #12
 1847 0688 00689DE8 		ldmfd	sp, {fp, sp, lr}
 1848 068c 1EFF2FE1 		bx	lr
 1849              	.L22:
 1850              		.align	2
 1851              	.L21:
 1852 0690 A4000000 		.word	.LC18
 1853 0694 AC000000 		.word	.LC19
 1854 0698 B4000000 		.word	.LC20
 1855 069c BC000000 		.word	.LC21
 1856              		.cfi_endproc
 1857              	.LFE4:
 1859              		.align	2
 1860              		.global	pintar_tablero
 1862              	pintar_tablero:
 1863              	.LFB5:
  84:../elementos_pantalla.c **** 
  85:../elementos_pantalla.c **** void pintar_tablero()
  86:../elementos_pantalla.c **** {
 1864              		.loc 1 86 0
 1865              		.cfi_startproc
 1866              		@ Function supports interworking.
 1867              		@ args = 0, pretend = 0, frame = 0
 1868              		@ frame_needed = 1, uses_anonymous_args = 0
 1869 06a0 0DC0A0E1 		mov	ip, sp
 1870              	.LCFI10:
 1871              		.cfi_def_cfa_register 12
 1872 06a4 00D82DE9 		stmfd	sp!, {fp, ip, lr, pc}
 1873 06a8 04B04CE2 		sub	fp, ip, #4
 1874              		.cfi_offset 14, -8
 1875              		.cfi_offset 13, -12
 1876              		.cfi_offset 11, -16
 1877              	.LCFI11:
 1878              		.cfi_def_cfa 11, 4
  87:../elementos_pantalla.c **** 	pintar_cuadricula();
 1879              		.loc 1 87 0
 1880 06ac FEFFFFEB 		bl	pintar_cuadricula
  88:../elementos_pantalla.c **** 	pintar_numeros_tablero();
 1881              		.loc 1 88 0
 1882 06b0 FEFFFFEB 		bl	pintar_numeros_tablero
  89:../elementos_pantalla.c **** }
 1883              		.loc 1 89 0
 1884 06b4 0CD04BE2 		sub	sp, fp, #12
 1885 06b8 00689DE8 		ldmfd	sp, {fp, sp, lr}
 1886 06bc 1EFF2FE1 		bx	lr
 1887              		.cfi_endproc
 1888              	.LFE5:
 1890              		.align	2
 1891              		.global	pintar_pantalla_juego
 1893              	pintar_pantalla_juego:
 1894              	.LFB6:
  90:../elementos_pantalla.c **** 
  91:../elementos_pantalla.c **** //TODO es necesaria esta funcion?
  92:../elementos_pantalla.c **** void pintar_pantalla_juego()
  93:../elementos_pantalla.c **** {
 1895              		.loc 1 93 0
 1896              		.cfi_startproc
 1897              		@ Function supports interworking.
 1898              		@ args = 0, pretend = 0, frame = 0
 1899              		@ frame_needed = 1, uses_anonymous_args = 0
 1900 06c0 0DC0A0E1 		mov	ip, sp
 1901              	.LCFI12:
 1902              		.cfi_def_cfa_register 12
 1903 06c4 00D82DE9 		stmfd	sp!, {fp, ip, lr, pc}
 1904 06c8 04B04CE2 		sub	fp, ip, #4
 1905              		.cfi_offset 14, -8
 1906              		.cfi_offset 13, -12
 1907              		.cfi_offset 11, -16
 1908              	.LCFI13:
 1909              		.cfi_def_cfa 11, 4
  94:../elementos_pantalla.c **** 	pintar_tablero();
 1910              		.loc 1 94 0
 1911 06cc FEFFFFEB 		bl	pintar_tablero
  95:../elementos_pantalla.c **** 	pintar_textos();
 1912              		.loc 1 95 0
 1913 06d0 FEFFFFEB 		bl	pintar_textos
  96:../elementos_pantalla.c **** 	pintar_profiling(451245, 84512, 56456, 469352);
 1914              		.loc 1 96 0
 1915 06d4 18009FE5 		ldr	r0, .L25
 1916 06d8 18109FE5 		ldr	r1, .L25+4
 1917 06dc 18209FE5 		ldr	r2, .L25+8
 1918 06e0 18309FE5 		ldr	r3, .L25+12
 1919 06e4 FEFFFFEB 		bl	pintar_profiling
  97:../elementos_pantalla.c **** 	//pintar_ficha(/* FICHAS */); //EN BUCLE
  98:../elementos_pantalla.c **** }
 1920              		.loc 1 98 0
 1921 06e8 0CD04BE2 		sub	sp, fp, #12
 1922 06ec 00689DE8 		ldmfd	sp, {fp, sp, lr}
 1923 06f0 1EFF2FE1 		bx	lr
 1924              	.L26:
 1925              		.align	2
 1926              	.L25:
 1927 06f4 ADE20600 		.word	451245
 1928 06f8 204A0100 		.word	84512
 1929 06fc 88DC0000 		.word	56456
 1930 0700 68290700 		.word	469352
 1931              		.cfi_endproc
 1932              	.LFE6:
 1934              		.align	2
 1935              		.global	pintar_pantalla_inicio
 1937              	pintar_pantalla_inicio:
 1938              	.LFB7:
  99:../elementos_pantalla.c **** 
 100:../elementos_pantalla.c **** void pintar_pantalla_inicio()
 101:../elementos_pantalla.c **** {
 1939              		.loc 1 101 0
 1940              		.cfi_startproc
 1941              		@ Function supports interworking.
 1942              		@ args = 0, pretend = 0, frame = 0
 1943              		@ frame_needed = 1, uses_anonymous_args = 0
 1944 0704 0DC0A0E1 		mov	ip, sp
 1945              	.LCFI14:
 1946              		.cfi_def_cfa_register 12
 1947 0708 00D82DE9 		stmfd	sp!, {fp, ip, lr, pc}
 1948 070c 04B04CE2 		sub	fp, ip, #4
 1949              		.cfi_offset 14, -8
 1950              		.cfi_offset 13, -12
 1951              		.cfi_offset 11, -16
 1952              	.LCFI15:
 1953              		.cfi_def_cfa 11, 4
 102:../elementos_pantalla.c **** 	//Poner textos con reglas y demás por pantalla
 103:../elementos_pantalla.c **** 	pintar_cuadricula();
 1954              		.loc 1 103 0
 1955 0710 FEFFFFEB 		bl	pintar_cuadricula
 104:../elementos_pantalla.c **** 	pintar_numeros_tablero();
 1956              		.loc 1 104 0
 1957 0714 FEFFFFEB 		bl	pintar_numeros_tablero
 105:../elementos_pantalla.c **** 	pintar_textos();
 1958              		.loc 1 105 0
 1959 0718 FEFFFFEB 		bl	pintar_textos
 106:../elementos_pantalla.c **** 	Lcd_Dma_Trans();
 1960              		.loc 1 106 0
 1961 071c FEFFFFEB 		bl	Lcd_Dma_Trans
 107:../elementos_pantalla.c **** }
 1962              		.loc 1 107 0
 1963 0720 0CD04BE2 		sub	sp, fp, #12
 1964 0724 00689DE8 		ldmfd	sp, {fp, sp, lr}
 1965 0728 1EFF2FE1 		bx	lr
 1966              		.cfi_endproc
 1967              	.LFE7:
 1969              		.section	.rodata
 1970 00c3 00       		.align	2
 1971              	.LC22:
 1972 00c4 23232323 		.ascii	"#############%%%%%,&((((((#########################"
 1972      23232323 
 1972      23232323 
 1972      23252525 
 1972      25252C26 
 1973 00f7 23232323 		.ascii	"#####################((((///////((((((((((((####\000"
 1973      23232323 
 1973      23232323 
 1973      23232323 
 1973      23232323 
 1974              		.align	2
 1975              	.LC23:
 1976 0128 23232323 		.ascii	"############&&%%%%,,,,,&((((#######################"
 1976      23232323 
 1976      23232323 
 1976      26262525 
 1976      25252C2C 
 1977 015b 23232323 		.ascii	"#######################(((((((((((((((((((((####\000"
 1977      23232323 
 1977      23232323 
 1977      23232323 
 1977      23232323 
 1978              		.align	2
 1979              	.LC24:
 1980 018c 23232323 		.ascii	"###############%%%,,,,,,,,,########################"
 1980      23232323 
 1980      23232323 
 1980      23232325 
 1980      25252C2C 
 1981 01bf 23232323 		.ascii	"###########################################&&%\000"
 1981      23232323 
 1981      23232323 
 1981      23232323 
 1981      23232323 
 1982 01ee 0000     		.text
 1983              		.align	2
 1984              		.global	pintar_prueba
 1986              	pintar_prueba:
 1987              	.LFB8:
 108:../elementos_pantalla.c **** 
 109:../elementos_pantalla.c **** void pintar_prueba()
 110:../elementos_pantalla.c **** {
 1988              		.loc 1 110 0
 1989              		.cfi_startproc
 1990              		@ Function supports interworking.
 1991              		@ args = 0, pretend = 0, frame = 0
 1992              		@ frame_needed = 1, uses_anonymous_args = 0
 1993 072c 0DC0A0E1 		mov	ip, sp
 1994              	.LCFI16:
 1995              		.cfi_def_cfa_register 12
 1996 0730 00D82DE9 		stmfd	sp!, {fp, ip, lr, pc}
 1997 0734 04B04CE2 		sub	fp, ip, #4
 1998              		.cfi_offset 14, -8
 1999              		.cfi_offset 13, -12
 2000              		.cfi_offset 11, -16
 2001              	.LCFI17:
 2002              		.cfi_def_cfa 11, 4
 111:../elementos_pantalla.c **** 	/*
 112:../elementos_pantalla.c **** 	pintar_cuadricula();
 113:../elementos_pantalla.c **** 	pintar_numeros_tablero();
 114:../elementos_pantalla.c **** 	pintar_textos();
 115:../elementos_pantalla.c **** 	pintar_ficha(0,0,1);
 116:../elementos_pantalla.c **** 	pintar_ficha(7,7,2);
 117:../elementos_pantalla.c **** 	pintar_ficha(3,3,3);
 118:../elementos_pantalla.c **** 	pintar_profiling(451245, 84512, 56456, 469352);*/
 119:../elementos_pantalla.c **** 	Lcd_DspAscII8x16(0,0,BLACK,"#############%%%%%,&((((((############################################
 2003              		.loc 1 119 0
 2004 0738 0000A0E3 		mov	r0, #0
 2005 073c 0010A0E3 		mov	r1, #0
 2006 0740 0F20A0E3 		mov	r2, #15
 2007 0744 38309FE5 		ldr	r3, .L29
 2008 0748 FEFFFFEB 		bl	Lcd_DspAscII8x16
 120:../elementos_pantalla.c **** 	Lcd_DspAscII8x16(0,10,BLACK,"############&&%%%%,,,,,&((((#########################################
 2009              		.loc 1 120 0
 2010 074c 0000A0E3 		mov	r0, #0
 2011 0750 0A10A0E3 		mov	r1, #10
 2012 0754 0F20A0E3 		mov	r2, #15
 2013 0758 28309FE5 		ldr	r3, .L29+4
 2014 075c FEFFFFEB 		bl	Lcd_DspAscII8x16
 121:../elementos_pantalla.c **** 	Lcd_DspAscII8x16(0,20,BLACK,"###############%%%,,,,,,,,,##########################################
 2015              		.loc 1 121 0
 2016 0760 0000A0E3 		mov	r0, #0
 2017 0764 1410A0E3 		mov	r1, #20
 2018 0768 0F20A0E3 		mov	r2, #15
 2019 076c 18309FE5 		ldr	r3, .L29+8
 2020 0770 FEFFFFEB 		bl	Lcd_DspAscII8x16
 122:../elementos_pantalla.c **** 	Lcd_Dma_Trans();
 2021              		.loc 1 122 0
 2022 0774 FEFFFFEB 		bl	Lcd_Dma_Trans
 123:../elementos_pantalla.c **** }
 2023              		.loc 1 123 0
 2024 0778 0CD04BE2 		sub	sp, fp, #12
 2025 077c 00689DE8 		ldmfd	sp, {fp, sp, lr}
 2026 0780 1EFF2FE1 		bx	lr
 2027              	.L30:
 2028              		.align	2
 2029              	.L29:
 2030 0784 C4000000 		.word	.LC22
 2031 0788 28010000 		.word	.LC23
 2032 078c 8C010000 		.word	.LC24
 2033              		.cfi_endproc
 2034              	.LFE8:
 2036              		.align	2
 2037              		.global	pintar_reglas
 2039              	pintar_reglas:
 2040              	.LFB9:
 124:../elementos_pantalla.c **** 
 125:../elementos_pantalla.c **** void pintar_reglas()
 126:../elementos_pantalla.c **** {
 2041              		.loc 1 126 0
 2042              		.cfi_startproc
 2043              		@ Function supports interworking.
 2044              		@ args = 0, pretend = 0, frame = 0
 2045              		@ frame_needed = 1, uses_anonymous_args = 0
 2046 0790 0DC0A0E1 		mov	ip, sp
 2047              	.LCFI18:
 2048              		.cfi_def_cfa_register 12
 2049 0794 00D82DE9 		stmfd	sp!, {fp, ip, lr, pc}
 2050 0798 04B04CE2 		sub	fp, ip, #4
 2051              		.cfi_offset 14, -8
 2052              		.cfi_offset 13, -12
 2053              		.cfi_offset 11, -16
 2054              	.LCFI19:
 2055              		.cfi_def_cfa 11, 4
 127:../elementos_pantalla.c **** 
 128:../elementos_pantalla.c **** }
 2056              		.loc 1 128 0
 2057 079c 0CD04BE2 		sub	sp, fp, #12
 2058 07a0 00689DE8 		ldmfd	sp, {fp, sp, lr}
 2059 07a4 1EFF2FE1 		bx	lr
 2060              		.cfi_endproc
 2061              	.LFE9:
 2063              		.align	2
 2064              		.global	pintar_fin_victoria
 2066              	pintar_fin_victoria:
 2067              	.LFB10:
 129:../elementos_pantalla.c **** 
 130:../elementos_pantalla.c **** void pintar_fin_victoria(int blancas, int negras)
 131:../elementos_pantalla.c **** {
 2068              		.loc 1 131 0
 2069              		.cfi_startproc
 2070              		@ Function supports interworking.
 2071              		@ args = 0, pretend = 0, frame = 8
 2072              		@ frame_needed = 1, uses_anonymous_args = 0
 2073 07a8 0DC0A0E1 		mov	ip, sp
 2074              	.LCFI20:
 2075              		.cfi_def_cfa_register 12
 2076 07ac 00D82DE9 		stmfd	sp!, {fp, ip, lr, pc}
 2077 07b0 04B04CE2 		sub	fp, ip, #4
 2078              		.cfi_offset 14, -8
 2079              		.cfi_offset 13, -12
 2080              		.cfi_offset 11, -16
 2081              	.LCFI21:
 2082              		.cfi_def_cfa 11, 4
 2083 07b4 08D04DE2 		sub	sp, sp, #8
 2084 07b8 10000BE5 		str	r0, [fp, #-16]
 2085 07bc 14100BE5 		str	r1, [fp, #-20]
 132:../elementos_pantalla.c **** 
 133:../elementos_pantalla.c **** }
 2086              		.loc 1 133 0
 2087 07c0 0CD04BE2 		sub	sp, fp, #12
 2088 07c4 00689DE8 		ldmfd	sp, {fp, sp, lr}
 2089 07c8 1EFF2FE1 		bx	lr
 2090              		.cfi_endproc
 2091              	.LFE10:
 2093              		.align	2
 2094              		.global	pintar_fin_derrota
 2096              	pintar_fin_derrota:
 2097              	.LFB11:
 134:../elementos_pantalla.c **** 
 135:../elementos_pantalla.c **** void pintar_fin_derrota(int blancas, int negas)
 136:../elementos_pantalla.c **** {
 2098              		.loc 1 136 0
 2099              		.cfi_startproc
 2100              		@ Function supports interworking.
 2101              		@ args = 0, pretend = 0, frame = 8
 2102              		@ frame_needed = 1, uses_anonymous_args = 0
 2103 07cc 0DC0A0E1 		mov	ip, sp
 2104              	.LCFI22:
 2105              		.cfi_def_cfa_register 12
 2106 07d0 00D82DE9 		stmfd	sp!, {fp, ip, lr, pc}
 2107 07d4 04B04CE2 		sub	fp, ip, #4
 2108              		.cfi_offset 14, -8
 2109              		.cfi_offset 13, -12
 2110              		.cfi_offset 11, -16
 2111              	.LCFI23:
 2112              		.cfi_def_cfa 11, 4
 2113 07d8 08D04DE2 		sub	sp, sp, #8
 2114 07dc 10000BE5 		str	r0, [fp, #-16]
 2115 07e0 14100BE5 		str	r1, [fp, #-20]
 137:../elementos_pantalla.c **** 
 138:../elementos_pantalla.c **** }
 2116              		.loc 1 138 0
 2117 07e4 0CD04BE2 		sub	sp, fp, #12
 2118 07e8 00689DE8 		ldmfd	sp, {fp, sp, lr}
 2119 07ec 1EFF2FE1 		bx	lr
 2120              		.cfi_endproc
 2121              	.LFE11:
 2123              	.Letext0:
DEFINED SYMBOLS
                            *ABS*:00000000 elementos_pantalla.c
C:\Users\guest\AppData\Local\Temp\ccIQISO7.s:1193   .text:00000000 $a
C:\Users\guest\AppData\Local\Temp\ccIQISO7.s:1196   .text:00000000 pintar_cuadricula
C:\Users\guest\AppData\Local\Temp\ccIQISO7.s:1334   .rodata:00000000 $d
C:\Users\guest\AppData\Local\Temp\ccIQISO7.s:1362   .text:000001b0 pintar_numeros_tablero
C:\Users\guest\AppData\Local\Temp\ccIQISO7.s:1482   .text:00000308 $d
C:\Users\guest\AppData\Local\Temp\ccIQISO7.s:1518   .text:00000330 $a
C:\Users\guest\AppData\Local\Temp\ccIQISO7.s:1521   .text:00000330 pintar_textos
C:\Users\guest\AppData\Local\Temp\ccIQISO7.s:1599   .text:000003fc $d
C:\Users\guest\AppData\Local\Temp\ccIQISO7.s:1620   .text:00000418 $a
C:\Users\guest\AppData\Local\Temp\ccIQISO7.s:1623   .text:00000418 pintar_ficha
C:\Users\guest\AppData\Local\Temp\ccIQISO7.s:1776   .text:00000608 $d
C:\Users\guest\AppData\Local\Temp\ccIQISO7.s:1796   .text:00000614 $a
C:\Users\guest\AppData\Local\Temp\ccIQISO7.s:1799   .text:00000614 pintar_profiling
C:\Users\guest\AppData\Local\Temp\ccIQISO7.s:1852   .text:00000690 $d
C:\Users\guest\AppData\Local\Temp\ccIQISO7.s:1859   .text:000006a0 $a
C:\Users\guest\AppData\Local\Temp\ccIQISO7.s:1862   .text:000006a0 pintar_tablero
C:\Users\guest\AppData\Local\Temp\ccIQISO7.s:1893   .text:000006c0 pintar_pantalla_juego
C:\Users\guest\AppData\Local\Temp\ccIQISO7.s:1927   .text:000006f4 $d
C:\Users\guest\AppData\Local\Temp\ccIQISO7.s:1934   .text:00000704 $a
C:\Users\guest\AppData\Local\Temp\ccIQISO7.s:1937   .text:00000704 pintar_pantalla_inicio
C:\Users\guest\AppData\Local\Temp\ccIQISO7.s:1986   .text:0000072c pintar_prueba
C:\Users\guest\AppData\Local\Temp\ccIQISO7.s:2030   .text:00000784 $d
C:\Users\guest\AppData\Local\Temp\ccIQISO7.s:2036   .text:00000790 $a
C:\Users\guest\AppData\Local\Temp\ccIQISO7.s:2039   .text:00000790 pintar_reglas
C:\Users\guest\AppData\Local\Temp\ccIQISO7.s:2066   .text:000007a8 pintar_fin_victoria
C:\Users\guest\AppData\Local\Temp\ccIQISO7.s:2096   .text:000007cc pintar_fin_derrota
                     .debug_frame:00000010 $d

UNDEFINED SYMBOLS
Lcd_Draw_Box
Lcd_DspAscII8x16
Lcd_Dma_Trans
