   1              		.cpu arm7tdmi
   2              		.fpu softvfp
   3              		.eabi_attribute 20, 1
   4              		.eabi_attribute 21, 1
   5              		.eabi_attribute 23, 3
   6              		.eabi_attribute 24, 1
   7              		.eabi_attribute 25, 1
   8              		.eabi_attribute 26, 1
   9              		.eabi_attribute 30, 6
  10              		.eabi_attribute 18, 4
  11              		.file	"led.c"
  21              	.Ltext0:
  22              		.file 1 "../led.c"
 1882              		.align	2
 1883              	led_state:
 1884 0000 00000000 		.space	4
 1885              		.text
 1886              		.align	2
 1887              		.global	leds_on
 1889              	leds_on:
 1890              	.LFB0:
   1:../led.c      **** /*********************************************************************************************
   2:../led.c      **** * Fichero:		led.c
   3:../led.c      **** * Autor:
   4:../led.c      **** * Descrip:		funciones de control de los LED de la placa
   5:../led.c      **** * Version:
   6:../led.c      **** *********************************************************************************************/
   7:../led.c      **** 
   8:../led.c      **** /*--- ficheros de cabecera ---*/
   9:../led.c      **** #include "led.h"
  10:../led.c      **** #include "44b.h"
  11:../led.c      **** #include "44blib.h"
  12:../led.c      **** 
  13:../led.c      **** /*--- variables globales del módulo ---*/
  14:../led.c      **** static int led_state = 0;		/* estado del LED */
  15:../led.c      **** 
  16:../led.c      **** /*--- codigo de las funciones públicas ---*/
  17:../led.c      **** void leds_on()
  18:../led.c      **** {
 1891              		.loc 1 18 0
 1892              		.cfi_startproc
 1893              		@ Function supports interworking.
 1894              		@ args = 0, pretend = 0, frame = 0
 1895              		@ frame_needed = 1, uses_anonymous_args = 0
 1896 0000 0DC0A0E1 		mov	ip, sp
 1897              	.LCFI0:
 1898              		.cfi_def_cfa_register 12
 1899 0004 00D82DE9 		stmfd	sp!, {fp, ip, lr, pc}
 1900 0008 04B04CE2 		sub	fp, ip, #4
 1901              		.cfi_offset 14, -8
 1902              		.cfi_offset 13, -12
 1903              		.cfi_offset 11, -16
 1904              	.LCFI1:
 1905              		.cfi_def_cfa 11, 4
  19:../led.c      **** 	Led_Display(0x3);
 1906              		.loc 1 19 0
 1907 000c 0300A0E3 		mov	r0, #3
 1908 0010 FEFFFFEB 		bl	Led_Display
  20:../led.c      **** }
 1909              		.loc 1 20 0
 1910 0014 0CD04BE2 		sub	sp, fp, #12
 1911 0018 00689DE8 		ldmfd	sp, {fp, sp, lr}
 1912 001c 1EFF2FE1 		bx	lr
 1913              		.cfi_endproc
 1914              	.LFE0:
 1916              		.align	2
 1917              		.global	leds_off
 1919              	leds_off:
 1920              	.LFB1:
  21:../led.c      **** 
  22:../led.c      **** void leds_off()
  23:../led.c      **** {
 1921              		.loc 1 23 0
 1922              		.cfi_startproc
 1923              		@ Function supports interworking.
 1924              		@ args = 0, pretend = 0, frame = 0
 1925              		@ frame_needed = 1, uses_anonymous_args = 0
 1926 0020 0DC0A0E1 		mov	ip, sp
 1927              	.LCFI2:
 1928              		.cfi_def_cfa_register 12
 1929 0024 00D82DE9 		stmfd	sp!, {fp, ip, lr, pc}
 1930 0028 04B04CE2 		sub	fp, ip, #4
 1931              		.cfi_offset 14, -8
 1932              		.cfi_offset 13, -12
 1933              		.cfi_offset 11, -16
 1934              	.LCFI3:
 1935              		.cfi_def_cfa 11, 4
  24:../led.c      **** 	Led_Display(0x0);
 1936              		.loc 1 24 0
 1937 002c 0000A0E3 		mov	r0, #0
 1938 0030 FEFFFFEB 		bl	Led_Display
  25:../led.c      **** }
 1939              		.loc 1 25 0
 1940 0034 0CD04BE2 		sub	sp, fp, #12
 1941 0038 00689DE8 		ldmfd	sp, {fp, sp, lr}
 1942 003c 1EFF2FE1 		bx	lr
 1943              		.cfi_endproc
 1944              	.LFE1:
 1946              		.align	2
 1947              		.global	led1_on
 1949              	led1_on:
 1950              	.LFB2:
  26:../led.c      **** 
  27:../led.c      **** void led1_on()
  28:../led.c      **** {
 1951              		.loc 1 28 0
 1952              		.cfi_startproc
 1953              		@ Function supports interworking.
 1954              		@ args = 0, pretend = 0, frame = 0
 1955              		@ frame_needed = 1, uses_anonymous_args = 0
 1956 0040 0DC0A0E1 		mov	ip, sp
 1957              	.LCFI4:
 1958              		.cfi_def_cfa_register 12
 1959 0044 00D82DE9 		stmfd	sp!, {fp, ip, lr, pc}
 1960 0048 04B04CE2 		sub	fp, ip, #4
 1961              		.cfi_offset 14, -8
 1962              		.cfi_offset 13, -12
 1963              		.cfi_offset 11, -16
 1964              	.LCFI5:
 1965              		.cfi_def_cfa 11, 4
  29:../led.c      **** 	led_state = led_state | 0x1;
 1966              		.loc 1 29 0
 1967 004c 28309FE5 		ldr	r3, .L4
 1968 0050 003093E5 		ldr	r3, [r3, #0]
 1969 0054 012083E3 		orr	r2, r3, #1
 1970 0058 1C309FE5 		ldr	r3, .L4
 1971 005c 002083E5 		str	r2, [r3, #0]
  30:../led.c      **** 	Led_Display(led_state);
 1972              		.loc 1 30 0
 1973 0060 14309FE5 		ldr	r3, .L4
 1974 0064 003093E5 		ldr	r3, [r3, #0]
 1975 0068 0300A0E1 		mov	r0, r3
 1976 006c FEFFFFEB 		bl	Led_Display
  31:../led.c      **** }
 1977              		.loc 1 31 0
 1978 0070 0CD04BE2 		sub	sp, fp, #12
 1979 0074 00689DE8 		ldmfd	sp, {fp, sp, lr}
 1980 0078 1EFF2FE1 		bx	lr
 1981              	.L5:
 1982              		.align	2
 1983              	.L4:
 1984 007c 00000000 		.word	led_state
 1985              		.cfi_endproc
 1986              	.LFE2:
 1988              		.align	2
 1989              		.global	led1_off
 1991              	led1_off:
 1992              	.LFB3:
  32:../led.c      **** 
  33:../led.c      **** void led1_off()
  34:../led.c      **** {
 1993              		.loc 1 34 0
 1994              		.cfi_startproc
 1995              		@ Function supports interworking.
 1996              		@ args = 0, pretend = 0, frame = 0
 1997              		@ frame_needed = 1, uses_anonymous_args = 0
 1998 0080 0DC0A0E1 		mov	ip, sp
 1999              	.LCFI6:
 2000              		.cfi_def_cfa_register 12
 2001 0084 00D82DE9 		stmfd	sp!, {fp, ip, lr, pc}
 2002 0088 04B04CE2 		sub	fp, ip, #4
 2003              		.cfi_offset 14, -8
 2004              		.cfi_offset 13, -12
 2005              		.cfi_offset 11, -16
 2006              	.LCFI7:
 2007              		.cfi_def_cfa 11, 4
  35:../led.c      **** 	led_state = led_state & 0xfe;
 2008              		.loc 1 35 0
 2009 008c 28309FE5 		ldr	r3, .L7
 2010 0090 003093E5 		ldr	r3, [r3, #0]
 2011 0094 FE2003E2 		and	r2, r3, #254
 2012 0098 1C309FE5 		ldr	r3, .L7
 2013 009c 002083E5 		str	r2, [r3, #0]
  36:../led.c      **** 	Led_Display(led_state);
 2014              		.loc 1 36 0
 2015 00a0 14309FE5 		ldr	r3, .L7
 2016 00a4 003093E5 		ldr	r3, [r3, #0]
 2017 00a8 0300A0E1 		mov	r0, r3
 2018 00ac FEFFFFEB 		bl	Led_Display
  37:../led.c      **** }
 2019              		.loc 1 37 0
 2020 00b0 0CD04BE2 		sub	sp, fp, #12
 2021 00b4 00689DE8 		ldmfd	sp, {fp, sp, lr}
 2022 00b8 1EFF2FE1 		bx	lr
 2023              	.L8:
 2024              		.align	2
 2025              	.L7:
 2026 00bc 00000000 		.word	led_state
 2027              		.cfi_endproc
 2028              	.LFE3:
 2030              		.align	2
 2031              		.global	led2_on
 2033              	led2_on:
 2034              	.LFB4:
  38:../led.c      **** 
  39:../led.c      **** void led2_on()
  40:../led.c      **** {
 2035              		.loc 1 40 0
 2036              		.cfi_startproc
 2037              		@ Function supports interworking.
 2038              		@ args = 0, pretend = 0, frame = 0
 2039              		@ frame_needed = 1, uses_anonymous_args = 0
 2040 00c0 0DC0A0E1 		mov	ip, sp
 2041              	.LCFI8:
 2042              		.cfi_def_cfa_register 12
 2043 00c4 00D82DE9 		stmfd	sp!, {fp, ip, lr, pc}
 2044 00c8 04B04CE2 		sub	fp, ip, #4
 2045              		.cfi_offset 14, -8
 2046              		.cfi_offset 13, -12
 2047              		.cfi_offset 11, -16
 2048              	.LCFI9:
 2049              		.cfi_def_cfa 11, 4
  41:../led.c      **** 	led_state = led_state | 0x2;
 2050              		.loc 1 41 0
 2051 00cc 28309FE5 		ldr	r3, .L10
 2052 00d0 003093E5 		ldr	r3, [r3, #0]
 2053 00d4 022083E3 		orr	r2, r3, #2
 2054 00d8 1C309FE5 		ldr	r3, .L10
 2055 00dc 002083E5 		str	r2, [r3, #0]
  42:../led.c      **** 	Led_Display(led_state);
 2056              		.loc 1 42 0
 2057 00e0 14309FE5 		ldr	r3, .L10
 2058 00e4 003093E5 		ldr	r3, [r3, #0]
 2059 00e8 0300A0E1 		mov	r0, r3
 2060 00ec FEFFFFEB 		bl	Led_Display
  43:../led.c      **** }
 2061              		.loc 1 43 0
 2062 00f0 0CD04BE2 		sub	sp, fp, #12
 2063 00f4 00689DE8 		ldmfd	sp, {fp, sp, lr}
 2064 00f8 1EFF2FE1 		bx	lr
 2065              	.L11:
 2066              		.align	2
 2067              	.L10:
 2068 00fc 00000000 		.word	led_state
 2069              		.cfi_endproc
 2070              	.LFE4:
 2072              		.align	2
 2073              		.global	led2_off
 2075              	led2_off:
 2076              	.LFB5:
  44:../led.c      **** 
  45:../led.c      **** void led2_off()
  46:../led.c      **** {
 2077              		.loc 1 46 0
 2078              		.cfi_startproc
 2079              		@ Function supports interworking.
 2080              		@ args = 0, pretend = 0, frame = 0
 2081              		@ frame_needed = 1, uses_anonymous_args = 0
 2082 0100 0DC0A0E1 		mov	ip, sp
 2083              	.LCFI10:
 2084              		.cfi_def_cfa_register 12
 2085 0104 00D82DE9 		stmfd	sp!, {fp, ip, lr, pc}
 2086 0108 04B04CE2 		sub	fp, ip, #4
 2087              		.cfi_offset 14, -8
 2088              		.cfi_offset 13, -12
 2089              		.cfi_offset 11, -16
 2090              	.LCFI11:
 2091              		.cfi_def_cfa 11, 4
  47:../led.c      **** 	led_state = led_state & 0xfd;
 2092              		.loc 1 47 0
 2093 010c 28309FE5 		ldr	r3, .L13
 2094 0110 003093E5 		ldr	r3, [r3, #0]
 2095 0114 FD2003E2 		and	r2, r3, #253
 2096 0118 1C309FE5 		ldr	r3, .L13
 2097 011c 002083E5 		str	r2, [r3, #0]
  48:../led.c      **** 	Led_Display(led_state);
 2098              		.loc 1 48 0
 2099 0120 14309FE5 		ldr	r3, .L13
 2100 0124 003093E5 		ldr	r3, [r3, #0]
 2101 0128 0300A0E1 		mov	r0, r3
 2102 012c FEFFFFEB 		bl	Led_Display
  49:../led.c      **** }
 2103              		.loc 1 49 0
 2104 0130 0CD04BE2 		sub	sp, fp, #12
 2105 0134 00689DE8 		ldmfd	sp, {fp, sp, lr}
 2106 0138 1EFF2FE1 		bx	lr
 2107              	.L14:
 2108              		.align	2
 2109              	.L13:
 2110 013c 00000000 		.word	led_state
 2111              		.cfi_endproc
 2112              	.LFE5:
 2114              		.align	2
 2115              		.global	leds_switch
 2117              	leds_switch:
 2118              	.LFB6:
  50:../led.c      **** 
  51:../led.c      **** void leds_switch()
  52:../led.c      **** {
 2119              		.loc 1 52 0
 2120              		.cfi_startproc
 2121              		@ Function supports interworking.
 2122              		@ args = 0, pretend = 0, frame = 0
 2123              		@ frame_needed = 1, uses_anonymous_args = 0
 2124 0140 0DC0A0E1 		mov	ip, sp
 2125              	.LCFI12:
 2126              		.cfi_def_cfa_register 12
 2127 0144 00D82DE9 		stmfd	sp!, {fp, ip, lr, pc}
 2128 0148 04B04CE2 		sub	fp, ip, #4
 2129              		.cfi_offset 14, -8
 2130              		.cfi_offset 13, -12
 2131              		.cfi_offset 11, -16
 2132              	.LCFI13:
 2133              		.cfi_def_cfa 11, 4
  53:../led.c      **** 	led_state ^= 0x03;
 2134              		.loc 1 53 0
 2135 014c 28309FE5 		ldr	r3, .L16
 2136 0150 003093E5 		ldr	r3, [r3, #0]
 2137 0154 032023E2 		eor	r2, r3, #3
 2138 0158 1C309FE5 		ldr	r3, .L16
 2139 015c 002083E5 		str	r2, [r3, #0]
  54:../led.c      **** 	Led_Display(led_state);
 2140              		.loc 1 54 0
 2141 0160 14309FE5 		ldr	r3, .L16
 2142 0164 003093E5 		ldr	r3, [r3, #0]
 2143 0168 0300A0E1 		mov	r0, r3
 2144 016c FEFFFFEB 		bl	Led_Display
  55:../led.c      **** 
  56:../led.c      **** }
 2145              		.loc 1 56 0
 2146 0170 0CD04BE2 		sub	sp, fp, #12
 2147 0174 00689DE8 		ldmfd	sp, {fp, sp, lr}
 2148 0178 1EFF2FE1 		bx	lr
 2149              	.L17:
 2150              		.align	2
 2151              	.L16:
 2152 017c 00000000 		.word	led_state
 2153              		.cfi_endproc
 2154              	.LFE6:
 2156              		.align	2
 2157              		.global	Led_Display
 2159              	Led_Display:
 2160              	.LFB7:
  57:../led.c      **** 
  58:../led.c      **** void Led_Display(int LedStatus)
  59:../led.c      **** {
 2161              		.loc 1 59 0
 2162              		.cfi_startproc
 2163              		@ Function supports interworking.
 2164              		@ args = 0, pretend = 0, frame = 8
 2165              		@ frame_needed = 1, uses_anonymous_args = 0
 2166 0180 0DC0A0E1 		mov	ip, sp
 2167              	.LCFI14:
 2168              		.cfi_def_cfa_register 12
 2169 0184 00D82DE9 		stmfd	sp!, {fp, ip, lr, pc}
 2170 0188 04B04CE2 		sub	fp, ip, #4
 2171              		.cfi_offset 14, -8
 2172              		.cfi_offset 13, -12
 2173              		.cfi_offset 11, -16
 2174              	.LCFI15:
 2175              		.cfi_def_cfa 11, 4
 2176 018c 08D04DE2 		sub	sp, sp, #8
 2177 0190 10000BE5 		str	r0, [fp, #-16]
  60:../led.c      **** 	led_state = LedStatus;
 2178              		.loc 1 60 0
 2179 0194 94309FE5 		ldr	r3, .L23
 2180 0198 10201BE5 		ldr	r2, [fp, #-16]
 2181 019c 002083E5 		str	r2, [r3, #0]
  61:../led.c      **** 
  62:../led.c      **** 	if ((LedStatus & 0x01) == 0x01)
 2182              		.loc 1 62 0
 2183 01a0 10301BE5 		ldr	r3, [fp, #-16]
 2184 01a4 013003E2 		and	r3, r3, #1
 2185 01a8 FF3003E2 		and	r3, r3, #255
 2186 01ac 000053E3 		cmp	r3, #0
 2187 01b0 0600000A 		beq	.L19
  63:../led.c      **** 		rPDATB = rPDATB & 0x5ff; /* poner a 0 el bit 9 del puerto B */
 2188              		.loc 1 63 0
 2189 01b4 78209FE5 		ldr	r2, .L23+4
 2190 01b8 74309FE5 		ldr	r3, .L23+4
 2191 01bc 001093E5 		ldr	r1, [r3, #0]
 2192 01c0 70309FE5 		ldr	r3, .L23+8
 2193 01c4 033001E0 		and	r3, r1, r3
 2194 01c8 003082E5 		str	r3, [r2, #0]
 2195 01cc 040000EA 		b	.L20
 2196              	.L19:
  64:../led.c      **** 	else
  65:../led.c      **** 		rPDATB = rPDATB | 0x200; /* poner a 1 el bit 9 del puerto B */
 2197              		.loc 1 65 0
 2198 01d0 5C309FE5 		ldr	r3, .L23+4
 2199 01d4 58209FE5 		ldr	r2, .L23+4
 2200 01d8 002092E5 		ldr	r2, [r2, #0]
 2201 01dc 022C82E3 		orr	r2, r2, #512
 2202 01e0 002083E5 		str	r2, [r3, #0]
 2203              	.L20:
  66:../led.c      **** 
  67:../led.c      **** 	if ((LedStatus & 0x02) == 0x02)
 2204              		.loc 1 67 0
 2205 01e4 10301BE5 		ldr	r3, [fp, #-16]
 2206 01e8 023003E2 		and	r3, r3, #2
 2207 01ec 000053E3 		cmp	r3, #0
 2208 01f0 0600000A 		beq	.L21
  68:../led.c      **** 		rPDATB = rPDATB & 0x3ff; /* poner a 0 el bit 10 del puerto B */
 2209              		.loc 1 68 0
 2210 01f4 38209FE5 		ldr	r2, .L23+4
 2211 01f8 34309FE5 		ldr	r3, .L23+4
 2212 01fc 003093E5 		ldr	r3, [r3, #0]
 2213 0200 033BA0E1 		mov	r3, r3, asl #22
 2214 0204 233BA0E1 		mov	r3, r3, lsr #22
 2215 0208 003082E5 		str	r3, [r2, #0]
 2216 020c 040000EA 		b	.L18
 2217              	.L21:
  69:../led.c      **** 	else
  70:../led.c      **** 		rPDATB = rPDATB | 0x400; /* poner a 1 el bit 10 del puerto B */
 2218              		.loc 1 70 0
 2219 0210 1C309FE5 		ldr	r3, .L23+4
 2220 0214 18209FE5 		ldr	r2, .L23+4
 2221 0218 002092E5 		ldr	r2, [r2, #0]
 2222 021c 012B82E3 		orr	r2, r2, #1024
 2223 0220 002083E5 		str	r2, [r3, #0]
 2224              	.L18:
  71:../led.c      **** }
 2225              		.loc 1 71 0
 2226 0224 0CD04BE2 		sub	sp, fp, #12
 2227 0228 00689DE8 		ldmfd	sp, {fp, sp, lr}
 2228 022c 1EFF2FE1 		bx	lr
 2229              	.L24:
 2230              		.align	2
 2231              	.L23:
 2232 0230 00000000 		.word	led_state
 2233 0234 0C00D201 		.word	30539788
 2234 0238 FF050000 		.word	1535
 2235              		.cfi_endproc
 2236              	.LFE7:
 2238              	.Letext0:
DEFINED SYMBOLS
                            *ABS*:00000000 led.c
C:\Users\guest\AppData\Local\Temp\ccje0Oqk.s:1882   .bss:00000000 $d
C:\Users\guest\AppData\Local\Temp\ccje0Oqk.s:1883   .bss:00000000 led_state
C:\Users\guest\AppData\Local\Temp\ccje0Oqk.s:1886   .text:00000000 $a
C:\Users\guest\AppData\Local\Temp\ccje0Oqk.s:1889   .text:00000000 leds_on
C:\Users\guest\AppData\Local\Temp\ccje0Oqk.s:2159   .text:00000180 Led_Display
C:\Users\guest\AppData\Local\Temp\ccje0Oqk.s:1919   .text:00000020 leds_off
C:\Users\guest\AppData\Local\Temp\ccje0Oqk.s:1949   .text:00000040 led1_on
C:\Users\guest\AppData\Local\Temp\ccje0Oqk.s:1984   .text:0000007c $d
C:\Users\guest\AppData\Local\Temp\ccje0Oqk.s:1988   .text:00000080 $a
C:\Users\guest\AppData\Local\Temp\ccje0Oqk.s:1991   .text:00000080 led1_off
C:\Users\guest\AppData\Local\Temp\ccje0Oqk.s:2026   .text:000000bc $d
C:\Users\guest\AppData\Local\Temp\ccje0Oqk.s:2030   .text:000000c0 $a
C:\Users\guest\AppData\Local\Temp\ccje0Oqk.s:2033   .text:000000c0 led2_on
C:\Users\guest\AppData\Local\Temp\ccje0Oqk.s:2068   .text:000000fc $d
C:\Users\guest\AppData\Local\Temp\ccje0Oqk.s:2072   .text:00000100 $a
C:\Users\guest\AppData\Local\Temp\ccje0Oqk.s:2075   .text:00000100 led2_off
C:\Users\guest\AppData\Local\Temp\ccje0Oqk.s:2110   .text:0000013c $d
C:\Users\guest\AppData\Local\Temp\ccje0Oqk.s:2114   .text:00000140 $a
C:\Users\guest\AppData\Local\Temp\ccje0Oqk.s:2117   .text:00000140 leds_switch
C:\Users\guest\AppData\Local\Temp\ccje0Oqk.s:2152   .text:0000017c $d
C:\Users\guest\AppData\Local\Temp\ccje0Oqk.s:2156   .text:00000180 $a
C:\Users\guest\AppData\Local\Temp\ccje0Oqk.s:2232   .text:00000230 $d
                     .debug_frame:00000010 $d

NO UNDEFINED SYMBOLS
