   1              		.cpu arm7tdmi
   2              		.fpu softvfp
   3              		.eabi_attribute 20, 1
   4              		.eabi_attribute 21, 1
   5              		.eabi_attribute 23, 3
   6              		.eabi_attribute 24, 1
   7              		.eabi_attribute 25, 1
   8              		.eabi_attribute 26, 1
   9              		.eabi_attribute 30, 6
  10              		.eabi_attribute 18, 4
  11              		.file	"main.c"
  21              	.Ltext0:
  22              		.file 1 "../main.c"
 2195              	estado:
 2196 0000 00       		.space	1
 2197 0001 000000   		.align	2
 2198              	timer2_num_int:
 2199 0004 00000000 		.space	4
 2200              		.text
 2201              		.align	2
 2202              		.global	Main
 2204              	Main:
 2205              	.LFB0:
   1:../main.c     **** /*********************************************************************************************
   2:../main.c     **** * Fichero:	main.c
   3:../main.c     **** * Autor:	Profesores de la asignatura
   4:../main.c     **** *			Fernando Peña Bes (NIA: 756012)
   5:../main.c     **** *			Pedro José Pérez García (NIA: 756642)
   6:../main.c     **** * Descrip:	punto de entrada de C
   7:../main.c     **** * Version:  <P4-ARM.timer-leds>
   8:../main.c     **** *********************************************************************************************/
   9:../main.c     **** 
  10:../main.c     **** /*--- ficheros de cabecera ---*/
  11:../main.c     **** #include "8led.h"
  12:../main.c     **** #include "button.h"
  13:../main.c     **** #include "led.h"
  14:../main.c     **** #include "timer.h"
  15:../main.c     **** #include "44blib.h"
  16:../main.c     **** #include "44b.h"
  17:../main.c     **** #include "reversi8_2019.h"
  18:../main.c     **** #include "pruebas_timer2.h"
  19:../main.c     **** #include "rutinas_excepciones.h"
  20:../main.c     **** #include "cola_depuracion.h"
  21:../main.c     **** #include "reversi_main.h"
  22:../main.c     **** #include <stdint.h>
  23:../main.c     **** /*--- variables globales ---*/
  24:../main.c     **** 
  25:../main.c     **** 
  26:../main.c     **** /*--- codigo de funciones ---*/
  27:../main.c     **** void Main(void)
  28:../main.c     **** {
 2206              		.loc 1 28 0
 2207              		.cfi_startproc
 2208              		@ Function supports interworking.
 2209              		@ args = 0, pretend = 0, frame = 0
 2210              		@ frame_needed = 1, uses_anonymous_args = 0
 2211 0000 0DC0A0E1 		mov	ip, sp
 2212              	.LCFI0:
 2213              		.cfi_def_cfa_register 12
 2214 0004 00D82DE9 		stmfd	sp!, {fp, ip, lr, pc}
 2215 0008 04B04CE2 		sub	fp, ip, #4
 2216              		.cfi_offset 14, -8
 2217              		.cfi_offset 13, -12
 2218              		.cfi_offset 11, -16
 2219              	.LCFI1:
 2220              		.cfi_def_cfa 11, 4
  29:../main.c     **** 	/* Inicializa controladores */
  30:../main.c     **** 	sys_init();         			// Inicializacion de la placa, interrupciones y puertos
 2221              		.loc 1 30 0
 2222 000c FEFFFFEB 		bl	sys_init
  31:../main.c     **** 	//timer_init();	    			// Inicializacion del temporizador
  32:../main.c     **** 	button_iniciar();				// inicializamos los pulsadores. Cada vez que se pulse se verá reflejado en e
 2223              		.loc 1 32 0
 2224 0010 FEFFFFEB 		bl	button_iniciar
  33:../main.c     **** 	D8Led_init();      				// inicializamos el 8led
 2225              		.loc 1 33 0
 2226 0014 FEFFFFEB 		bl	D8Led_init
  34:../main.c     **** 	cola_depuracion_inicializar(32);// Debe darse un tamaño suficiente para almacenar todos los evento
 2227              		.loc 1 34 0
 2228 0018 2000A0E3 		mov	r0, #32
 2229 001c FEFFFFEB 		bl	cola_depuracion_inicializar
  35:../main.c     **** 	//Gestion_excepciones_init();	// Inicializa la gestión de excepciones SWI, UNDEF y DABORT
  36:../main.c     **** 
  37:../main.c     **** 
  38:../main.c     **** 	reversi_main();
 2230              		.loc 1 38 0
 2231 0020 FEFFFFEB 		bl	reversi_main
  39:../main.c     **** 	/// Pruebas de excepciones ///
  40:../main.c     **** 	//asm volatile ("SWI 0x55");			//lanzar SWI
  41:../main.c     **** 	//asm volatile ("mov r3, #3");
  42:../main.c     **** 	//asm volatile ("ldr r2,[r3]");			//Forzar DABORT
  43:../main.c     **** 	//asm volatile (".word 0xe7f000f0\n");	//Forzar UNDEF
  44:../main.c     **** 
  45:../main.c     **** 
  46:../main.c     **** 	//reversi8();	// función principal del juego
  47:../main.c     **** 
  48:../main.c     **** 
  49:../main.c     **** 	//// pruebas automáticas de timer2 ////
  50:../main.c     **** 	//pruebas_timer2();
  51:../main.c     **** 
  52:../main.c     **** 	//// pruebas automáticas de patron_volteo ////
  53:../main.c     **** 	//patron_volteo_prueba_resultado_igual();
  54:../main.c     **** 	//patron_volteo_prueba_resultado_correcto();
  55:../main.c     **** 
  56:../main.c     **** 
  57:../main.c     **** 	/* Valor inicial de los leds */
  58:../main.c     **** 	//leds_off();
  59:../main.c     **** 	//led1_on();
  60:../main.c     **** 
  61:../main.c     **** 	//Bucle obsoleto porque hemos cambiado timer0
  62:../main.c     **** 	/*while (1)
  63:../main.c     **** 	{
  64:../main.c     **** 		 //Cambia los leds con cada interrupcion del temporizador
  65:../main.c     **** 		if (switch_leds == 1)
  66:../main.c     **** 		{
  67:../main.c     **** 			leds_switch();
  68:../main.c     **** 			switch_leds = 0;
  69:../main.c     **** 		}
  70:../main.c     **** 	}*/
  71:../main.c     **** }
 2232              		.loc 1 71 0
 2233 0024 0CD04BE2 		sub	sp, fp, #12
 2234 0028 00689DE8 		ldmfd	sp, {fp, sp, lr}
 2235 002c 1EFF2FE1 		bx	lr
 2236              		.cfi_endproc
 2237              	.LFE0:
 2239              	.Letext0:
DEFINED SYMBOLS
                            *ABS*:00000000 main.c
C:\Users\guest\AppData\Local\Temp\ccENx5Kq.s:2195   .bss:00000000 estado
C:\Users\guest\AppData\Local\Temp\ccENx5Kq.s:2196   .bss:00000000 $d
C:\Users\guest\AppData\Local\Temp\ccENx5Kq.s:2198   .bss:00000004 timer2_num_int
C:\Users\guest\AppData\Local\Temp\ccENx5Kq.s:2201   .text:00000000 $a
C:\Users\guest\AppData\Local\Temp\ccENx5Kq.s:2204   .text:00000000 Main
                     .debug_frame:00000010 $d

UNDEFINED SYMBOLS
sys_init
button_iniciar
D8Led_init
cola_depuracion_inicializar
reversi_main
